<?xml version="1.0" encoding="UTF-8"?>
<!-- Generated by org.testng.reporters.JUnitXMLReporter -->
<testsuite ignored="0" hostname="LAPTOP-B833TCJO" failures="0" tests="5" name="Default test" time="36.331" errors="0" timestamp="2023-04-13T15:10:20 IST">
  <testcase classname="testCase.testCase1" name="logintest" time="4.857"/>
  <testcase classname="testCase.testCase1" name="scrollDown" time="0.112"/>
  <testcase classname="testCase.testCase1" name="scrollUp" time="0.024"/>
  <testcase classname="testCase.testCase1" name="myaccount" time="0.576"/>
  <testcase classname="testCase.testCase1" name="getCookies" time="0.055"/>
</testsuite> <!-- Default test -->
