<?xml version="1.0" encoding="UTF-8"?>
<testng-results ignored="0" total="5" passed="5" failed="0" skipped="0">
  <reporter-output>
  </reporter-output>
  <suite started-at="2023-04-13T15:09:44 IST" name="Default suite" finished-at="2023-04-13T15:10:20 IST" duration-ms="36331">
    <groups>
    </groups>
    <test started-at="2023-04-13T15:09:44 IST" name="Default test" finished-at="2023-04-13T15:10:20 IST" duration-ms="36331">
      <class name="testCase.testCase1">
        <test-method is-config="true" signature="BeforeMethod()[pri:0, instance:testCase.testCase1@59fd97a8]" started-at="2023-04-13T15:09:44 IST" name="BeforeMethod" finished-at="2023-04-13T15:09:53 IST" duration-ms="9127" status="PASS">
          <reporter-output>
          </reporter-output>
        </test-method> <!-- BeforeMethod -->
        <test-method signature="logintest()[pri:1, instance:testCase.testCase1@59fd97a8]" started-at="2023-04-13T15:09:53 IST" name="logintest" finished-at="2023-04-13T15:09:58 IST" duration-ms="4857" status="PASS">
          <reporter-output>
          </reporter-output>
        </test-method> <!-- logintest -->
        <test-method is-config="true" signature="afterMethod()[pri:0, instance:testCase.testCase1@59fd97a8]" started-at="2023-04-13T15:09:58 IST" name="afterMethod" finished-at="2023-04-13T15:09:58 IST" duration-ms="306" status="PASS">
          <reporter-output>
          </reporter-output>
        </test-method> <!-- afterMethod -->
        <test-method is-config="true" signature="BeforeMethod()[pri:0, instance:testCase.testCase1@59fd97a8]" started-at="2023-04-13T15:09:58 IST" name="BeforeMethod" finished-at="2023-04-13T15:10:03 IST" duration-ms="4888" status="PASS">
          <reporter-output>
          </reporter-output>
        </test-method> <!-- BeforeMethod -->
        <test-method signature="scrollDown()[pri:2, instance:testCase.testCase1@59fd97a8]" started-at="2023-04-13T15:10:03 IST" name="scrollDown" finished-at="2023-04-13T15:10:03 IST" duration-ms="112" status="PASS">
          <reporter-output>
          </reporter-output>
        </test-method> <!-- scrollDown -->
        <test-method is-config="true" signature="afterMethod()[pri:0, instance:testCase.testCase1@59fd97a8]" started-at="2023-04-13T15:10:03 IST" name="afterMethod" finished-at="2023-04-13T15:10:03 IST" duration-ms="333" status="PASS">
          <reporter-output>
          </reporter-output>
        </test-method> <!-- afterMethod -->
        <test-method is-config="true" signature="BeforeMethod()[pri:0, instance:testCase.testCase1@59fd97a8]" started-at="2023-04-13T15:10:03 IST" name="BeforeMethod" finished-at="2023-04-13T15:10:06 IST" duration-ms="2886" status="PASS">
          <reporter-output>
          </reporter-output>
        </test-method> <!-- BeforeMethod -->
        <test-method signature="scrollUp()[pri:3, instance:testCase.testCase1@59fd97a8]" started-at="2023-04-13T15:10:06 IST" name="scrollUp" finished-at="2023-04-13T15:10:06 IST" duration-ms="24" status="PASS">
          <reporter-output>
          </reporter-output>
        </test-method> <!-- scrollUp -->
        <test-method is-config="true" signature="afterMethod()[pri:0, instance:testCase.testCase1@59fd97a8]" started-at="2023-04-13T15:10:06 IST" name="afterMethod" finished-at="2023-04-13T15:10:07 IST" duration-ms="261" status="PASS">
          <reporter-output>
          </reporter-output>
        </test-method> <!-- afterMethod -->
        <test-method is-config="true" signature="BeforeMethod()[pri:0, instance:testCase.testCase1@59fd97a8]" started-at="2023-04-13T15:10:07 IST" name="BeforeMethod" finished-at="2023-04-13T15:10:11 IST" duration-ms="4917" status="PASS">
          <reporter-output>
          </reporter-output>
        </test-method> <!-- BeforeMethod -->
        <test-method signature="myaccount()[pri:4, instance:testCase.testCase1@59fd97a8]" started-at="2023-04-13T15:10:11 IST" name="myaccount" finished-at="2023-04-13T15:10:12 IST" duration-ms="576" status="PASS">
          <reporter-output>
          </reporter-output>
        </test-method> <!-- myaccount -->
        <test-method is-config="true" signature="afterMethod()[pri:0, instance:testCase.testCase1@59fd97a8]" started-at="2023-04-13T15:10:12 IST" name="afterMethod" finished-at="2023-04-13T15:10:13 IST" duration-ms="760" status="PASS">
          <reporter-output>
          </reporter-output>
        </test-method> <!-- afterMethod -->
        <test-method is-config="true" signature="BeforeMethod()[pri:0, instance:testCase.testCase1@59fd97a8]" started-at="2023-04-13T15:10:13 IST" name="BeforeMethod" finished-at="2023-04-13T15:10:20 IST" duration-ms="6911" status="PASS">
          <reporter-output>
          </reporter-output>
        </test-method> <!-- BeforeMethod -->
        <test-method signature="getCookies()[pri:5, instance:testCase.testCase1@59fd97a8]" started-at="2023-04-13T15:10:20 IST" name="getCookies" finished-at="2023-04-13T15:10:20 IST" duration-ms="55" status="PASS">
          <reporter-output>
          </reporter-output>
        </test-method> <!-- getCookies -->
        <test-method is-config="true" signature="afterMethod()[pri:0, instance:testCase.testCase1@59fd97a8]" started-at="2023-04-13T15:10:20 IST" name="afterMethod" finished-at="2023-04-13T15:10:20 IST" duration-ms="240" status="PASS">
          <reporter-output>
          </reporter-output>
        </test-method> <!-- afterMethod -->
      </class> <!-- testCase.testCase1 -->
    </test> <!-- Default test -->
  </suite> <!-- Default suite -->
</testng-results>
